android/SistemaDeSeguridad/app/build/intermediates/manifest_merge_blame_file/debug/manifest-merger-blame-debug-report.txt
1<?xml version="1.0" encoding="utf-8"?>
2<manifest xmlns:android="http://schemas.android.com/apk/res/android"
3    package="com.example.sistemadeseguridad"
4    android:versionCode="1"
5    android:versionName="1.0" >
6
7    <uses-sdk
8        android:minSdkVersion="21"
8-->src/main/AndroidManifest.xml
9        android:targetSdkVersion="31" />
9-->src/main/AndroidManifest.xml
10
11    <application
11-->src/main/AndroidManifest.xml:5:5-27:19
12        android:allowBackup="true"
12-->src/main/AndroidManifest.xml:6:9-35
13        android:appComponentFactory="androidx.core.app.CoreComponentFactory"
13-->[androidx.core:core:1.5.0] AndroidManifest.xml:24:18-86
14        android:debuggable="true"
15        android:icon="@mipmap/ic_launcher"
15-->src/main/AndroidManifest.xml:7:9-43
16        android:label="@string/app_name"
16-->src/main/AndroidManifest.xml:8:9-41
17        android:roundIcon="@mipmap/ic_launcher_round"
17-->src/main/AndroidManifest.xml:9:9-54
18        android:supportsRtl="true"
18-->src/main/AndroidManifest.xml:10:9-35
19        android:testOnly="true"
20        android:theme="@style/Theme.SistemaDeSeguridad" >
20-->src/main/AndroidManifest.xml:11:9-56
21        <activity
21-->src/main/AndroidManifest.xml:12:9-14:39
22            android:name="com.example.sistemadeseguridad.EntradasSalidas"
22-->src/main/AndroidManifest.xml:13:13-44
23            android:exported="true" />
23-->src/main/AndroidManifest.xml:14:13-36
24        <activity
24-->src/main/AndroidManifest.xml:15:9-17:39
25            android:name="com.example.sistemadeseguridad.NumEmerg"
25-->src/main/AndroidManifest.xml:16:13-37
26            android:exported="true" />
26-->src/main/AndroidManifest.xml:17:13-36
27        <activity
27-->src/main/AndroidManifest.xml:18:9-26:20
28            android:name="com.example.sistemadeseguridad.MainActivity"
28-->src/main/AndroidManifest.xml:19:13-41
29            android:exported="true" >
29-->src/main/AndroidManifest.xml:20:13-36
30            <intent-filter>
30-->src/main/AndroidManifest.xml:21:13-25:29
31                <action android:name="android.intent.action.MAIN" />
31-->src/main/AndroidManifest.xml:22:17-69
31-->src/main/AndroidManifest.xml:22:25-66
32
33                <category android:name="android.intent.category.LAUNCHER" />
33-->src/main/AndroidManifest.xml:24:17-77
33-->src/main/AndroidManifest.xml:24:27-74
34            </intent-filter>
35        </activity>
36    </application>
37
38</manifest>